<?xml version="1.0" encoding="UTF-8"?>
<testsuite xmlns:xsi="http://www.w3.org/2001/XMLSchema-instance" xsi:noNamespaceSchemaLocation="https://maven.apache.org/surefire/maven-surefire-plugin/xsd/surefire-test-report.xsd" name="TestRunner.RunnerTest" time="77.235" tests="6" errors="0" skipped="0" failures="0">
  <properties>
[...]
</properties>
  <testcase name="Login success on saucedemo" classname="Bincang QA Login test" time="13.822"/>
  <testcase name="Login success on saucedemo using scenario outline" classname="Bincang QA Login test" time="12.371"/>
  <testcase name="Login failed on saucedemo with invalid password" classname="Bincang QA Login test" time="12.299"/>
  <testcase name="Login failed on saucedemo with invalid usernama" classname="Bincang QA Login test" time="13.217"/>
  <testcase name="Login failed on saucedemo with empty username" classname="Bincang QA Login test" time="12.412"/>
  <testcase name="Login failed on saucedemo with empty password" classname="Bincang QA Login test" time="12.57"/>
</testsuite>